{"D:\\Projects\\SmartPool\\backendSP\\SP-DeviceData\\data\\DeviceData.js": {"path":"D:\\Projects\\SmartPool\\backendSP\\SP-DeviceData\\data\\DeviceData.js","statementMap":{"0":{"start":{"line":3,"column":8},"end":{"line":3,"column":21}},"1":{"start":{"line":6,"column":23},"end":{"line":9,"column":9}},"2":{"start":{"line":11,"column":8},"end":{"line":24,"column":11}},"3":{"start":{"line":13,"column":12},"end":{"line":17,"column":13}},"4":{"start":{"line":14,"column":16},"end":{"line":14,"column":95}},"5":{"start":{"line":15,"column":16},"end":{"line":15,"column":66}},"6":{"start":{"line":16,"column":16},"end":{"line":16,"column":23}},"7":{"start":{"line":19,"column":29},"end":{"line":22,"column":13}},"8":{"start":{"line":23,"column":12},"end":{"line":23,"column":37}},"9":{"start":{"line":27,"column":23},"end":{"line":35,"column":9}},"10":{"start":{"line":37,"column":8},"end":{"line":55,"column":11}},"11":{"start":{"line":39,"column":12},"end":{"line":54,"column":13}},"12":{"start":{"line":40,"column":16},"end":{"line":40,"column":89}},"13":{"start":{"line":41,"column":16},"end":{"line":41,"column":66}},"14":{"start":{"line":44,"column":16},"end":{"line":44,"column":48}},"15":{"start":{"line":45,"column":16},"end":{"line":47,"column":19}},"16":{"start":{"line":46,"column":20},"end":{"line":46,"column":69}},"17":{"start":{"line":49,"column":33},"end":{"line":52,"column":17}},"18":{"start":{"line":53,"column":16},"end":{"line":53,"column":41}},"19":{"start":{"line":58,"column":0},"end":{"line":58,"column":28}}},"fnMap":{"0":{"name":"(anonymous_0)","decl":{"start":{"line":2,"column":4},"end":{"line":2,"column":5}},"loc":{"start":{"line":2,"column":20},"end":{"line":4,"column":5}},"line":2},"1":{"name":"(anonymous_1)","decl":{"start":{"line":5,"column":4},"end":{"line":5,"column":5}},"loc":{"start":{"line":5,"column":27},"end":{"line":25,"column":5}},"line":5},"2":{"name":"(anonymous_2)","decl":{"start":{"line":11,"column":28},"end":{"line":11,"column":29}},"loc":{"start":{"line":11,"column":47},"end":{"line":24,"column":9}},"line":11},"3":{"name":"(anonymous_3)","decl":{"start":{"line":26,"column":4},"end":{"line":26,"column":5}},"loc":{"start":{"line":26,"column":35},"end":{"line":56,"column":5}},"line":26},"4":{"name":"(anonymous_4)","decl":{"start":{"line":37,"column":30},"end":{"line":37,"column":31}},"loc":{"start":{"line":37,"column":49},"end":{"line":55,"column":9}},"line":37},"5":{"name":"(anonymous_5)","decl":{"start":{"line":45,"column":37},"end":{"line":45,"column":38}},"loc":{"start":{"line":45,"column":53},"end":{"line":47,"column":17}},"line":45}},"branchMap":{"0":{"loc":{"start":{"line":13,"column":12},"end":{"line":17,"column":13}},"type":"if","locations":[{"start":{"line":13,"column":12},"end":{"line":17,"column":13}},{"start":{"line":13,"column":12},"end":{"line":17,"column":13}}],"line":13},"1":{"loc":{"start":{"line":39,"column":12},"end":{"line":54,"column":13}},"type":"if","locations":[{"start":{"line":39,"column":12},"end":{"line":54,"column":13}},{"start":{"line":39,"column":12},"end":{"line":54,"column":13}}],"line":39}},"s":{"0":2,"1":0,"2":0,"3":0,"4":0,"5":0,"6":0,"7":0,"8":0,"9":1,"10":1,"11":0,"12":0,"13":0,"14":0,"15":0,"16":0,"17":0,"18":0,"19":1},"f":{"0":2,"1":0,"2":0,"3":1,"4":0,"5":0},"b":{"0":[0,0],"1":[0,0]},"_coverageSchema":"332fd63041d2c1bcb487cc26dd0d5f7d97098a6c","hash":"317dd336e1f9856355003cf7d951c1ccbc888d4b"}
,"D:\\Projects\\SmartPool\\backendSP\\SP-DeviceData\\data\\get.js": {"path":"D:\\Projects\\SmartPool\\backendSP\\SP-DeviceData\\data\\get.js","statementMap":{"0":{"start":{"line":2,"column":0},"end":{"line":2,"column":62}},"1":{"start":{"line":3,"column":17},"end":{"line":3,"column":52}},"2":{"start":{"line":4,"column":11},"end":{"line":4,"column":40}},"3":{"start":{"line":5,"column":19},"end":{"line":5,"column":42}},"4":{"start":{"line":6,"column":17},"end":{"line":6,"column":35}},"5":{"start":{"line":7,"column":0},"end":{"line":28,"column":2}},"6":{"start":{"line":8,"column":17},"end":{"line":8,"column":44}},"7":{"start":{"line":10,"column":4},"end":{"line":12,"column":5}},"8":{"start":{"line":11,"column":8},"end":{"line":11,"column":28}},"9":{"start":{"line":13,"column":4},"end":{"line":13,"column":31}},"10":{"start":{"line":15,"column":4},"end":{"line":26,"column":5}},"11":{"start":{"line":17,"column":25},"end":{"line":23,"column":9}},"12":{"start":{"line":24,"column":8},"end":{"line":24,"column":33}},"13":{"start":{"line":25,"column":8},"end":{"line":25,"column":15}},"14":{"start":{"line":27,"column":4},"end":{"line":27,"column":56}}},"fnMap":{"0":{"name":"(anonymous_0)","decl":{"start":{"line":7,"column":21},"end":{"line":7,"column":22}},"loc":{"start":{"line":7,"column":51},"end":{"line":28,"column":1}},"line":7}},"branchMap":{"0":{"loc":{"start":{"line":10,"column":4},"end":{"line":12,"column":5}},"type":"if","locations":[{"start":{"line":10,"column":4},"end":{"line":12,"column":5}},{"start":{"line":10,"column":4},"end":{"line":12,"column":5}}],"line":10},"1":{"loc":{"start":{"line":15,"column":4},"end":{"line":26,"column":5}},"type":"if","locations":[{"start":{"line":15,"column":4},"end":{"line":26,"column":5}},{"start":{"line":15,"column":4},"end":{"line":26,"column":5}}],"line":15},"2":{"loc":{"start":{"line":15,"column":8},"end":{"line":15,"column":53}},"type":"binary-expr","locations":[{"start":{"line":15,"column":8},"end":{"line":15,"column":19}},{"start":{"line":15,"column":23},"end":{"line":15,"column":53}}],"line":15}},"s":{"0":1,"1":1,"2":1,"3":1,"4":1,"5":1,"6":1,"7":1,"8":0,"9":1,"10":1,"11":0,"12":0,"13":0,"14":1},"f":{"0":1},"b":{"0":[0,1],"1":[0,1],"2":[1,1]},"_coverageSchema":"332fd63041d2c1bcb487cc26dd0d5f7d97098a6c","hash":"b65483d575142b0e2336bb3087e58687b26c3e56"}
}
